<?xml version="1.0" encoding="UTF-8"?>
<testsuite name="com.adventure.MT2" tests="2" skipped="0" failures="0" errors="0" timestamp="2022-09-12T09:52:55" hostname="MININT-EMQS73E" time="0.135">
  <properties/>
  <testcase name="canOpenDoor()" classname="com.adventure.MT2" time="0.109"/>
  <testcase name="setName()" classname="com.adventure.MT2" time="0.023"/>
  <system-out><![CDATA[]]></system-out>
  <system-err><![CDATA[]]></system-err>
</testsuite>
