<?xml version="1.0" encoding="UTF-8"?>
<testsuite name="com.adventure.MT6" tests="3" skipped="0" failures="0" errors="0" timestamp="2022-09-20T09:02:23" hostname="MININT-EMQS73E" time="1.855">
  <properties/>
  <testcase name="testCommandHelp()" classname="com.adventure.MT6" time="1.818"/>
  <testcase name="testCommandMove()" classname="com.adventure.MT6" time="0.021"/>
  <testcase name="testCommandUse()" classname="com.adventure.MT6" time="0.007"/>
  <system-out><![CDATA[]]></system-out>
  <system-err><![CDATA[]]></system-err>
</testsuite>
