<?xml version="1.0" encoding="UTF-8"?>
<testsuite name="com.adventure.MT7" tests="3" skipped="0" failures="0" errors="0" timestamp="2022-09-26T13:11:39" hostname="MININT-EMQS73E" time="0.212">
  <properties/>
  <testcase name="testReadFile2()" classname="com.adventure.MT7" time="0.16"/>
  <testcase name="testReadFile()" classname="com.adventure.MT7" time="0.006"/>
  <testcase name="testCombatSimulator()" classname="com.adventure.MT7" time="0.042"/>
  <system-out><![CDATA[]]></system-out>
  <system-err><![CDATA[]]></system-err>
</testsuite>
