<?xml version="1.0" encoding="UTF-8"?>
<testsuite name="com.adventure.MT8" tests="5" skipped="0" failures="0" errors="0" timestamp="2022-09-26T13:25:18" hostname="MININT-EMQS73E" time="2.147">
  <properties/>
  <testcase name="testPrintItemsCommand()" classname="com.adventure.MT8" time="1.991"/>
  <testcase name="testBackpackAddRemoveItem()" classname="com.adventure.MT8" time="0.02"/>
  <testcase name="testBackpackLimit()" classname="com.adventure.MT8" time="0.098"/>
  <testcase name="testBackpackViaPlayer()" classname="com.adventure.MT8" time="0.021"/>
  <testcase name="testPrintBackpack()" classname="com.adventure.MT8" time="0.01"/>
  <system-out><![CDATA[]]></system-out>
  <system-err><![CDATA[]]></system-err>
</testsuite>
