<?xml version="1.0" encoding="UTF-8"?>
<testsuite name="com.adventure.MT1" tests="1" skipped="0" failures="0" errors="0" timestamp="2022-09-09T09:45:20" hostname="MININT-EMQS73E" time="0.085">
  <properties/>
  <testcase name="smokeTest()" classname="com.adventure.MT1" time="0.085"/>
  <system-out><![CDATA[]]></system-out>
  <system-err><![CDATA[]]></system-err>
</testsuite>
