<?xml version="1.0" encoding="UTF-8"?>
<testsuite name="com.adventure.MT5" tests="2" skipped="0" failures="0" errors="0" timestamp="2022-09-16T12:41:02" hostname="MININT-EMQS73E" time="0.131">
  <properties/>
  <testcase name="testScene()" classname="com.adventure.MT5" time="0.119"/>
  <testcase name="testHole()" classname="com.adventure.MT5" time="0.009"/>
  <system-out><![CDATA[Door is now open
]]></system-out>
  <system-err><![CDATA[]]></system-err>
</testsuite>
